<html>
<body>
<pre>
<h1>Vision Build Log</h1>
<h2>Tool Versions:</h2>
IDE-Version: μVision V5.32.0.0
Copyright (C) 2020 ARM Ltd and ARM Germany GmbH. All rights reserved.
License Information: 1 1, 1, LIC=HN0AE-5QWN7-MMM9I-TYCZS-C6LJ6-PBQQK
 
Tool Versions:
Toolchain:       MDK-ARM Plus  Version: 5.32.0.0
Toolchain Path:  D:\Program Files\KEIL5\Program\ARM\ARMCC\Bin
C Compiler:      Armcc.exe V5.06 update 7 (build 960)
Assembler:       Armasm.exe V5.06 update 7 (build 960)
Linker/Locator:  ArmLink.exe V5.06 update 7 (build 960)
Library Manager: ArmAr.exe V5.06 update 7 (build 960)
Hex Converter:   FromElf.exe V5.06 update 7 (build 960)
CPU DLL:         SARMCM3.DLL V5.32.0.0
Dialog DLL:      DCM.DLL V1.17.3.0
Target DLL:      STLink\ST-LINKIII-KEIL_SWO.dll V3.0.8.0
Dialog DLL:      TCM.DLL V1.46.0.0
 
<h2>Project:</h2>
D:\Project\Twantch\1-keli-project\V1\MDK-ARM\watch.uvprojx
Project File Date:  12/04/2020

<h2>Output:</h2>
*** Using Compiler 'V5.06 update 7 (build 960)', folder: 'D:\Program Files\KEIL5\Program\ARM\ARMCC\Bin'
Rebuild target 'watch'
assembling startup_stm32f411xe.s...
compiling lcd_init.c...
compiling mpu6050Driver.c...
compiling lcd.c...
compiling contro.c...
compiling display.c...
..\PROGRAM\MENU\display.c(735): error:  #169: expected a declaration
  {
..\PROGRAM\MENU\display.c(759): error:  #169: expected a declaration
  	while(1)
..\PROGRAM\MENU\display.c(764): warning:  #12-D: parsing restarts here after previous syntax error
  	SystemClock_Config();
..\PROGRAM\MENU\display.c(766): error:  #169: expected a declaration
  	__HAL_RCC_DMA2_CLK_ENABLE(); //关闭PWM控制输出
..\PROGRAM\MENU\display.c(767): error:  #169: expected a declaration
  	__HAL_RCC_ADC1_CLK_ENABLE();	//关闭ADC
..\PROGRAM\MENU\display.c(768): error:  #169: expected a declaration
  	__HAL_RCC_I2C1_CLK_ENABLE();  //关闭IIC通讯
..\PROGRAM\MENU\display.c(769): error:  #169: expected a declaration
  	__HAL_RCC_SPI1_CLK_ENABLE(); 	//关闭屏幕的SPI通讯
..\PROGRAM\MENU\display.c(770): error:  #169: expected a declaration
  	__HAL_RCC_TIM2_CLK_ENABLE();	//关闭PWM输出
..\PROGRAM\MENU\display.c(771): error:  #169: expected a declaration
  	__HAL_RCC_TIM4_CLK_ENABLE();	//关闭PWM输出
..\PROGRAM\MENU\display.c(772): error:  #169: expected a declaration
  	__HAL_RCC_USART1_CLK_ENABLE();//关闭串口通讯
..\PROGRAM\MENU\display.c(774): warning:  #1295-D: Deprecated declaration LCD_Init - give arg types
  	LCD_Init();//LCD初始化
..\PROGRAM\MENU\display.c(774): error:  #260-D: explicit type is missing ("int" assumed)
  	LCD_Init();//LCD初始化
..\PROGRAM\MENU\display.c(774): error:  #147: declaration is incompatible with "void LCD_Init(void)"  (declared at line 55 of "..\PROGRAM\TFTLCD\lcd_init.h")
  	LCD_Init();//LCD初始化
..\PROGRAM\MENU\display.c(784): error:  #40: expected an identifier
  	__HAL_TIM_SET_COMPARE(&htim2, TIM_CHANNEL_4, 80); //设置PWM的占空比，调节背光
..\PROGRAM\MENU\display.c(784): error:  #18: expected a ")"
  	__HAL_TIM_SET_COMPARE(&htim2, TIM_CHANNEL_4, 80); //设置PWM的占空比，调节背光
..\PROGRAM\MENU\display.c(784): error:  #18: expected a ")"
  	__HAL_TIM_SET_COMPARE(&htim2, TIM_CHANNEL_4, 80); //设置PWM的占空比，调节背光
..\PROGRAM\MENU\display.c(786): error:  #79: expected a type specifier
  	HAL_GPIO_WritePin(LED_GPIO_Port, LED_Pin, GPIO_PIN_RESET);
..\PROGRAM\MENU\display.c(786): error:  #79: expected a type specifier
  	HAL_GPIO_WritePin(LED_GPIO_Port, LED_Pin, GPIO_PIN_RESET);
..\PROGRAM\MENU\display.c(786): error:  #757: constant "GPIO_PIN_RESET"  is not a type name
  	HAL_GPIO_WritePin(LED_GPIO_Port, LED_Pin, GPIO_PIN_RESET);
..\PROGRAM\MENU\display.c(786): error:  #260-D: explicit type is missing ("int" assumed)
  	HAL_GPIO_WritePin(LED_GPIO_Port, LED_Pin, GPIO_PIN_RESET);
..\PROGRAM\MENU\display.c(786): error:  #147: declaration is incompatible with "void HAL_GPIO_WritePin(GPIO_TypeDef *, uint16_t, GPIO_PinState)"  (declared at line 236 of "../Drivers/STM32F4xx_HAL_Driver/Inc/stm32f4xx_hal_gpio.h")
  	HAL_GPIO_WritePin(LED_GPIO_Port, LED_Pin, GPIO_PIN_RESET);
..\PROGRAM\MENU\display.c(788): error:  #169: expected a declaration
  }
..\PROGRAM\MENU\display.c(791): warning: At end of source:  #12-D: parsing restarts here after previous syntax error
..\PROGRAM\MENU\display.c: 3 warnings, 20 errors
compiling inv_mpu.c...
compiling inv_mpu_dmp_motion_driver.c...
compiling i2c.c...
compiling rtc.c...
compiling dma.c...
compiling adc.c...
compiling gpio.c...
compiling main.c...
compiling app.c...
compiling tim.c...
compiling spi.c...
compiling usart.c...
compiling stm32f4xx_hal_msp.c...
compiling sht30_i2c_drv.c...
compiling stm32f4xx_it.c...
compiling stm32f4xx_hal_adc.c...
compiling stm32f4xx_hal_adc_ex.c...

<h2>Software Packages used:</h2>

Package Vendor: ARM
                http://www.keil.com/pack/ARM.CMSIS.5.7.0.pack
                ARM.CMSIS.5.7.0
                CMSIS (Cortex Microcontroller Software Interface Standard)
   * Component: CORE Version: 5.4.0

Package Vendor: Keil
                http://www.keil.com/pack/Keil.STM32F4xx_DFP.2.13.0.pack
                Keil.STM32F4xx_DFP.2.13.0
                STMicroelectronics STM32F4 Series Device Support, Drivers and Examples

<h2>Collection of Component include folders:</h2>
  .\RTE\_watch
  D:\Program Files\KEIL5\package\ARM\CMSIS\5.7.0\CMSIS\Core\Include
  D:\Program Files\KEIL5\package\Keil\STM32F4xx_DFP\2.13.0\Drivers\CMSIS\Device\ST\STM32F4xx\Include

<h2>Collection of Component Files used:</h2>

   * Component: ARM::CMSIS:CORE:5.4.0
Project build/rebuild aborted.
Build Time Elapsed:  00:00:20
</pre>
</body>
</html>
